 Decaf coffee US  saved R16:270:210:150:0:8:8:0:1:2:100:0:32.0:28.0:20.0:2:11.0:800:0.0:0:0:0:15:0:0:0:0.0:0.0:0.0:0:0.0:0:0.0:0:0:0:0:0:0:0:0:0:0:0:0.0:0.0:0.0:0.0:0:0:0:0:0 full line R16:270:210:150:0:8:8:0:1:2:100:0:32.0:28.0:20.0:2:11.0:800:0.0:0:0:0:15:0:0:0:0.0:0.0:0.0:0:0.0:0:0.0:0:0:0:0:0:0:0:0:0:0:0:0.0:0.0:0.0:0.0:0:0:0:0:01000:40:99.0:5.0:0.0:0.0:0.0:0.0:100:100
Recipe
=========================================================
id:16
large_cup:270
medium_cup:210
small_cup:150
seq1:0
seq2:8
seq3:8
dispense_type:0
default_cup_size:1
left_bib_type:2
left_bib_pressure_time:0
left_bib_percent:100
left_bib_mild_ratio:32
left_bib_norm_ratio:28
left_bib_strong_ratio:20
left_bib_default_ratio:2
left_bib_water_flow:11
left_bib_ingredient_start:800
left_bib_airvalve:0
left_bib_airpump_start:0
left_bib_airpump_stop:0
left_bib_airpump_speed:0
left_bib_after_flush_vol:15
right_bib_type:0
right_bib_pressure_time:0
right_bib_percent:0
right_bib_mild_ratio:0
right_bib_norm_ratio:0
right_bib_strong_ratio:0
right_bib_default_ratio:0
right_bib_water_flow:0
right_bib_ingredient_start:0
right_bib_airvalve:0
right_bib_airpump_start:0
right_bib_airpump_stop:0
right_bib_airpump_speed:0
right_bib_after_flush_vol:0
instant_type:0
instant_pressure_time:0
instant_percent:0
instant_default_pwm:0
instant_water_flow:0
instant_ingredient_gram_strong:0
instant_ingredient_gram_norm:0
instant_ingredient_gram_mild:0
instant_ingredient_mild_pwm:0
instant_ingredient_norm_pwm:0
instant_ingredient_strong_pwm:0
instant_ingredient_rtd_standard:0
instant_mixer_start_delay:0
instant_mixer_stop_delay:0
instant_mixer_speed:0
instant_after_flush_vol:0
rtd_max:1000
rtd_min:40
left_bib_ratio_max:99
left_bib_ratio_min:5
right_bib_ratio_max:0
right_bib_ratio_min:0
instant_gram_max:0
instant_gram_min:0
left_bib_percent_max:100
left_bib_percent_min:100
RLine:R16:270:210:150:0:8:8:0:1:2:100:0:32.0:28.0:20.0:2:11.0:800:0.0:0:0:0:15:0:0:0:0.0:0.0:0.0:0:0.0:0:0.0:0:0:0:0:0:0:0:0:0:0:0:0.0:0.0:0.0:0.0:0:0:0:0:01000:40:99.0:5.0:0.0:0.0:0.0:0.0:100:100

 Decaf coffee US  saved R17:270:210:150:0:8:8:0:2:2:100:0:32.0:28.0:20.0:2:11.0:800:0.0:0:0:0:15:0:0:0:0.0:0.0:0.0:0:0.0:0:0.0:0:0:0:0:0:0:0:0:0:0:0:0.0:0.0:0.0:0.0:0:0:0:0:0 full line R17:270:210:150:0:8:8:0:2:2:100:0:32.0:28.0:20.0:2:11.0:800:0.0:0:0:0:15:0:0:0:0.0:0.0:0.0:0:0.0:0:0.0:0:0:0:0:0:0:0:0:0:0:0:0.0:0.0:0.0:0.0:0:0:0:0:01000:40:99.0:5.0:0.0:0.0:0.0:0.0:100:100
Recipe
=========================================================
id:17
large_cup:270
medium_cup:210
small_cup:150
seq1:0
seq2:8
seq3:8
dispense_type:0
default_cup_size:2
left_bib_type:2
left_bib_pressure_time:0
left_bib_percent:100
left_bib_mild_ratio:32
left_bib_norm_ratio:28
left_bib_strong_ratio:20
left_bib_default_ratio:2
left_bib_water_flow:11
left_bib_ingredient_start:800
left_bib_airvalve:0
left_bib_airpump_start:0
left_bib_airpump_stop:0
left_bib_airpump_speed:0
left_bib_after_flush_vol:15
right_bib_type:0
right_bib_pressure_time:0
right_bib_percent:0
right_bib_mild_ratio:0
right_bib_norm_ratio:0
right_bib_strong_ratio:0
right_bib_default_ratio:0
right_bib_water_flow:0
right_bib_ingredient_start:0
right_bib_airvalve:0
right_bib_airpump_start:0
right_bib_airpump_stop:0
right_bib_airpump_speed:0
right_bib_after_flush_vol:0
instant_type:0
instant_pressure_time:0
instant_percent:0
instant_default_pwm:0
instant_water_flow:0
instant_ingredient_gram_strong:0
instant_ingredient_gram_norm:0
instant_ingredient_gram_mild:0
instant_ingredient_mild_pwm:0
instant_ingredient_norm_pwm:0
instant_ingredient_strong_pwm:0
instant_ingredient_rtd_standard:0
instant_mixer_start_delay:0
instant_mixer_stop_delay:0
instant_mixer_speed:0
instant_after_flush_vol:0
rtd_max:1000
rtd_min:40
left_bib_ratio_max:99
left_bib_ratio_min:5
right_bib_ratio_max:0
right_bib_ratio_min:0
instant_gram_max:0
instant_gram_min:0
left_bib_percent_max:100
left_bib_percent_min:100
RLine:R17:270:210:150:0:8:8:0:2:2:100:0:32.0:28.0:20.0:2:11.0:800:0.0:0:0:0:15:0:0:0:0.0:0.0:0.0:0:0.0:0:0.0:0:0:0:0:0:0:0:0:0:0:0:0.0:0.0:0.0:0.0:0:0:0:0:01000:40:99.0:5.0:0.0:0.0:0.0:0.0:100:100

 Decaf coffee US  saved R18:270:210:150:0:8:8:0:3:2:100:0:32.0:28.0:20.0:2:11.0:800:0.0:0:0:0:15:0:0:0:0.0:0.0:0.0:0:0.0:0:0.0:0:0:0:0:0:0:0:0:0:0:0:0.0:0.0:0.0:0.0:0:0:0:0:0 full line R18:270:210:150:0:8:8:0:3:2:100:0:32.0:28.0:20.0:2:11.0:800:0.0:0:0:0:15:0:0:0:0.0:0.0:0.0:0:0.0:0:0.0:0:0:0:0:0:0:0:0:0:0:0:0.0:0.0:0.0:0.0:0:0:0:0:01000:40:99.0:5.0:0.0:0.0:0.0:0.0:100:100
Recipe
=========================================================
id:18
large_cup:270
medium_cup:210
small_cup:150
seq1:0
seq2:8
seq3:8
dispense_type:0
default_cup_size:3
left_bib_type:2
left_bib_pressure_time:0
left_bib_percent:100
left_bib_mild_ratio:32
left_bib_norm_ratio:28
left_bib_strong_ratio:20
left_bib_default_ratio:2
left_bib_water_flow:11
left_bib_ingredient_start:800
left_bib_airvalve:0
left_bib_airpump_start:0
left_bib_airpump_stop:0
left_bib_airpump_speed:0
left_bib_after_flush_vol:15
right_bib_type:0
right_bib_pressure_time:0
right_bib_percent:0
right_bib_mild_ratio:0
right_bib_norm_ratio:0
right_bib_strong_ratio:0
right_bib_default_ratio:0
right_bib_water_flow:0
right_bib_ingredient_start:0
right_bib_airvalve:0
right_bib_airpump_start:0
right_bib_airpump_stop:0
right_bib_airpump_speed:0
right_bib_after_flush_vol:0
instant_type:0
instant_pressure_time:0
instant_percent:0
instant_default_pwm:0
instant_water_flow:0
instant_ingredient_gram_strong:0
instant_ingredient_gram_norm:0
instant_ingredient_gram_mild:0
instant_ingredient_mild_pwm:0
instant_ingredient_norm_pwm:0
instant_ingredient_strong_pwm:0
instant_ingredient_rtd_standard:0
instant_mixer_start_delay:0
instant_mixer_stop_delay:0
instant_mixer_speed:0
instant_after_flush_vol:0
rtd_max:1000
rtd_min:40
left_bib_ratio_max:99
left_bib_ratio_min:5
right_bib_ratio_max:0
right_bib_ratio_min:0
instant_gram_max:0
instant_gram_min:0
left_bib_percent_max:100
left_bib_percent_min:100
RLine:R18:270:210:150:0:8:8:0:3:2:100:0:32.0:28.0:20.0:2:11.0:800:0.0:0:0:0:15:0:0:0:0.0:0.0:0.0:0:0.0:0:0.0:0:0:0:0:0:0:0:0:0:0:0:0.0:0.0:0.0:0.0:0:0:0:0:01000:40:99.0:5.0:0.0:0.0:0.0:0.0:100:100

 Water hot US  saved R41:270:210:150:3:8:8:0:2:0:0:0:0.0:0.0:0.0:0:15.0:0:0.0:0:0:0:0:0:0:0:0.0:0.0:0.0:0:0.0:0:0.0:0:0:0:0:0:0:0:0:0:0:0:0.0:0.0:0.0:0.0:0:0:0:0:0 full line R41:270:210:150:3:8:8:0:2:0:0:0:0.0:0.0:0.0:0:15.0:0:0.0:0:0:0:0:0:0:0:0.0:0.0:0.0:0:0.0:0:0.0:0:0:0:0:0:0:0:0:0:0:0:0.0:0.0:0.0:0.0:0:0:0:0:01000:40:0.0:0.0:0.0:0.0:0.0:0.0:0:0
Recipe
=========================================================
id:41
large_cup:270
medium_cup:210
small_cup:150
seq1:3
seq2:8
seq3:8
dispense_type:0
default_cup_size:2
left_bib_type:0
left_bib_pressure_time:0
left_bib_percent:0
left_bib_mild_ratio:0
left_bib_norm_ratio:0
left_bib_strong_ratio:0
left_bib_default_ratio:0
left_bib_water_flow:15
left_bib_ingredient_start:0
left_bib_airvalve:0
left_bib_airpump_start:0
left_bib_airpump_stop:0
left_bib_airpump_speed:0
left_bib_after_flush_vol:0
right_bib_type:0
right_bib_pressure_time:0
right_bib_percent:0
right_bib_mild_ratio:0
right_bib_norm_ratio:0
right_bib_strong_ratio:0
right_bib_default_ratio:0
right_bib_water_flow:0
right_bib_ingredient_start:0
right_bib_airvalve:0
right_bib_airpump_start:0
right_bib_airpump_stop:0
right_bib_airpump_speed:0
right_bib_after_flush_vol:0
instant_type:0
instant_pressure_time:0
instant_percent:0
instant_default_pwm:0
instant_water_flow:0
instant_ingredient_gram_strong:0
instant_ingredient_gram_norm:0
instant_ingredient_gram_mild:0
instant_ingredient_mild_pwm:0
instant_ingredient_norm_pwm:0
instant_ingredient_strong_pwm:0
instant_ingredient_rtd_standard:0
instant_mixer_start_delay:0
instant_mixer_stop_delay:0
instant_mixer_speed:0
instant_after_flush_vol:0
rtd_max:1000
rtd_min:40
left_bib_ratio_max:0
left_bib_ratio_min:0
right_bib_ratio_max:0
right_bib_ratio_min:0
instant_gram_max:0
instant_gram_min:0
left_bib_percent_max:0
left_bib_percent_min:0
RLine:R41:270:210:150:3:8:8:0:2:0:0:0:0.0:0.0:0.0:0:15.0:0:0.0:0:0:0:0:0:0:0:0.0:0.0:0.0:0:0.0:0:0.0:0:0:0:0:0:0:0:0:0:0:0:0.0:0.0:0.0:0.0:0:0:0:0:01000:40:0.0:0.0:0.0:0.0:0.0:0.0:0:0

 Decaf coffee US mild saved R16:270:210:150:0:8:8:0:1:2:100:0:32.0:28.0:20.0:2:11.0:800:0.0:0:0:0:15:0:0:0:0.0:0.0:0.0:0:0.0:0:0.0:0:0:0:0:0:0:0:0:0:0:0:0.0:0.0:0.0:0.0:0:0:0:0:0 full line R16:270:210:150:0:8:8:0:1:2:100:0:32.0:28.0:20.0:2:11.0:800:0.0:0:0:0:15:0:0:0:0.0:0.0:0.0:0:0.0:0:0.0:0:0:0:0:0:0:0:0:0:0:0:0.0:0.0:0.0:0.0:0:0:0:0:01000:40:99.0:5.0:0.0:0.0:0.0:0.0:100:100
Recipe
=========================================================
id:16
large_cup:270
medium_cup:210
small_cup:150
seq1:0
seq2:8
seq3:8
dispense_type:0
default_cup_size:1
left_bib_type:2
left_bib_pressure_time:0
left_bib_percent:100
left_bib_mild_ratio:32
left_bib_norm_ratio:28
left_bib_strong_ratio:20
left_bib_default_ratio:2
left_bib_water_flow:11
left_bib_ingredient_start:800
left_bib_airvalve:0
left_bib_airpump_start:0
left_bib_airpump_stop:0
left_bib_airpump_speed:0
left_bib_after_flush_vol:15
right_bib_type:0
right_bib_pressure_time:0
right_bib_percent:0
right_bib_mild_ratio:0
right_bib_norm_ratio:0
right_bib_strong_ratio:0
right_bib_default_ratio:0
right_bib_water_flow:0
right_bib_ingredient_start:0
right_bib_airvalve:0
right_bib_airpump_start:0
right_bib_airpump_stop:0
right_bib_airpump_speed:0
right_bib_after_flush_vol:0
instant_type:0
instant_pressure_time:0
instant_percent:0
instant_default_pwm:0
instant_water_flow:0
instant_ingredient_gram_strong:0
instant_ingredient_gram_norm:0
instant_ingredient_gram_mild:0
instant_ingredient_mild_pwm:0
instant_ingredient_norm_pwm:0
instant_ingredient_strong_pwm:0
instant_ingredient_rtd_standard:0
instant_mixer_start_delay:0
instant_mixer_stop_delay:0
instant_mixer_speed:0
instant_after_flush_vol:0
rtd_max:1000
rtd_min:40
left_bib_ratio_max:99
left_bib_ratio_min:5
right_bib_ratio_max:0
right_bib_ratio_min:0
instant_gram_max:0
instant_gram_min:0
left_bib_percent_max:100
left_bib_percent_min:100
RLine:R16:270:210:150:0:8:8:0:1:2:100:0:32.0:28.0:20.0:2:11.0:800:0.0:0:0:0:15:0:0:0:0.0:0.0:0.0:0:0.0:0:0.0:0:0:0:0:0:0:0:0:0:0:0:0.0:0.0:0.0:0.0:0:0:0:0:01000:40:99.0:5.0:0.0:0.0:0.0:0.0:100:100

 Decaf coffee US normal saved R17:270:210:150:0:8:8:0:2:2:100:0:32.0:28.0:20.0:2:11.0:800:0.0:0:0:0:15:0:0:0:0.0:0.0:0.0:0:0.0:0:0.0:0:0:0:0:0:0:0:0:0:0:0:0.0:0.0:0.0:0.0:0:0:0:0:0 full line R17:270:210:150:0:8:8:0:2:2:100:0:32.0:28.0:20.0:2:11.0:800:0.0:0:0:0:15:0:0:0:0.0:0.0:0.0:0:0.0:0:0.0:0:0:0:0:0:0:0:0:0:0:0:0.0:0.0:0.0:0.0:0:0:0:0:01000:40:99.0:5.0:0.0:0.0:0.0:0.0:100:100
Recipe
=========================================================
id:17
large_cup:270
medium_cup:210
small_cup:150
seq1:0
seq2:8
seq3:8
dispense_type:0
default_cup_size:2
left_bib_type:2
left_bib_pressure_time:0
left_bib_percent:100
left_bib_mild_ratio:32
left_bib_norm_ratio:28
left_bib_strong_ratio:20
left_bib_default_ratio:2
left_bib_water_flow:11
left_bib_ingredient_start:800
left_bib_airvalve:0
left_bib_airpump_start:0
left_bib_airpump_stop:0
left_bib_airpump_speed:0
left_bib_after_flush_vol:15
right_bib_type:0
right_bib_pressure_time:0
right_bib_percent:0
right_bib_mild_ratio:0
right_bib_norm_ratio:0
right_bib_strong_ratio:0
right_bib_default_ratio:0
right_bib_water_flow:0
right_bib_ingredient_start:0
right_bib_airvalve:0
right_bib_airpump_start:0
right_bib_airpump_stop:0
right_bib_airpump_speed:0
right_bib_after_flush_vol:0
instant_type:0
instant_pressure_time:0
instant_percent:0
instant_default_pwm:0
instant_water_flow:0
instant_ingredient_gram_strong:0
instant_ingredient_gram_norm:0
instant_ingredient_gram_mild:0
instant_ingredient_mild_pwm:0
instant_ingredient_norm_pwm:0
instant_ingredient_strong_pwm:0
instant_ingredient_rtd_standard:0
instant_mixer_start_delay:0
instant_mixer_stop_delay:0
instant_mixer_speed:0
instant_after_flush_vol:0
rtd_max:1000
rtd_min:40
left_bib_ratio_max:99
left_bib_ratio_min:5
right_bib_ratio_max:0
right_bib_ratio_min:0
instant_gram_max:0
instant_gram_min:0
left_bib_percent_max:100
left_bib_percent_min:100
RLine:R17:270:210:150:0:8:8:0:2:2:100:0:32.0:28.0:20.0:2:11.0:800:0.0:0:0:0:15:0:0:0:0.0:0.0:0.0:0:0.0:0:0.0:0:0:0:0:0:0:0:0:0:0:0:0.0:0.0:0.0:0.0:0:0:0:0:01000:40:99.0:5.0:0.0:0.0:0.0:0.0:100:100

 Decaf coffee US strong saved R18:270:210:150:0:8:8:0:3:2:100:0:32.0:28.0:20.0:2:11.0:800:0.0:0:0:0:15:0:0:0:0.0:0.0:0.0:0:0.0:0:0.0:0:0:0:0:0:0:0:0:0:0:0:0.0:0.0:0.0:0.0:0:0:0:0:0 full line R18:270:210:150:0:8:8:0:3:2:100:0:32.0:28.0:20.0:2:11.0:800:0.0:0:0:0:15:0:0:0:0.0:0.0:0.0:0:0.0:0:0.0:0:0:0:0:0:0:0:0:0:0:0:0.0:0.0:0.0:0.0:0:0:0:0:01000:40:99.0:5.0:0.0:0.0:0.0:0.0:100:100
Recipe
=========================================================
id:18
large_cup:270
medium_cup:210
small_cup:150
seq1:0
seq2:8
seq3:8
dispense_type:0
default_cup_size:3
left_bib_type:2
left_bib_pressure_time:0
left_bib_percent:100
left_bib_mild_ratio:32
left_bib_norm_ratio:28
left_bib_strong_ratio:20
left_bib_default_ratio:2
left_bib_water_flow:11
left_bib_ingredient_start:800
left_bib_airvalve:0
left_bib_airpump_start:0
left_bib_airpump_stop:0
left_bib_airpump_speed:0
left_bib_after_flush_vol:15
right_bib_type:0
right_bib_pressure_time:0
right_bib_percent:0
right_bib_mild_ratio:0
right_bib_norm_ratio:0
right_bib_strong_ratio:0
right_bib_default_ratio:0
right_bib_water_flow:0
right_bib_ingredient_start:0
right_bib_airvalve:0
right_bib_airpump_start:0
right_bib_airpump_stop:0
right_bib_airpump_speed:0
right_bib_after_flush_vol:0
instant_type:0
instant_pressure_time:0
instant_percent:0
instant_default_pwm:0
instant_water_flow:0
instant_ingredient_gram_strong:0
instant_ingredient_gram_norm:0
instant_ingredient_gram_mild:0
instant_ingredient_mild_pwm:0
instant_ingredient_norm_pwm:0
instant_ingredient_strong_pwm:0
instant_ingredient_rtd_standard:0
instant_mixer_start_delay:0
instant_mixer_stop_delay:0
instant_mixer_speed:0
instant_after_flush_vol:0
rtd_max:1000
rtd_min:40
left_bib_ratio_max:99
left_bib_ratio_min:5
right_bib_ratio_max:0
right_bib_ratio_min:0
instant_gram_max:0
instant_gram_min:0
left_bib_percent_max:100
left_bib_percent_min:100
RLine:R18:270:210:150:0:8:8:0:3:2:100:0:32.0:28.0:20.0:2:11.0:800:0.0:0:0:0:15:0:0:0:0.0:0.0:0.0:0:0.0:0:0.0:0:0:0:0:0:0:0:0:0:0:0:0.0:0.0:0.0:0.0:0:0:0:0:01000:40:99.0:5.0:0.0:0.0:0.0:0.0:100:100

 Water hot US  saved R41:270:210:150:3:8:8:0:2:0:0:0:0.0:0.0:0.0:0:15.0:0:0.0:0:0:0:0:0:0:0:0.0:0.0:0.0:0:0.0:0:0.0:0:0:0:0:0:0:0:0:0:0:0:0.0:0.0:0.0:0.0:0:0:0:0:0 full line R41:270:210:150:3:8:8:0:2:0:0:0:0.0:0.0:0.0:0:15.0:0:0.0:0:0:0:0:0:0:0:0.0:0.0:0.0:0:0.0:0:0.0:0:0:0:0:0:0:0:0:0:0:0:0.0:0.0:0.0:0.0:0:0:0:0:01000:40:0.0:0.0:0.0:0.0:0.0:0.0:0:0
Recipe
=========================================================
id:41
large_cup:270
medium_cup:210
small_cup:150
seq1:3
seq2:8
seq3:8
dispense_type:0
default_cup_size:2
left_bib_type:0
left_bib_pressure_time:0
left_bib_percent:0
left_bib_mild_ratio:0
left_bib_norm_ratio:0
left_bib_strong_ratio:0
left_bib_default_ratio:0
left_bib_water_flow:15
left_bib_ingredient_start:0
left_bib_airvalve:0
left_bib_airpump_start:0
left_bib_airpump_stop:0
left_bib_airpump_speed:0
left_bib_after_flush_vol:0
right_bib_type:0
right_bib_pressure_time:0
right_bib_percent:0
right_bib_mild_ratio:0
right_bib_norm_ratio:0
right_bib_strong_ratio:0
right_bib_default_ratio:0
right_bib_water_flow:0
right_bib_ingredient_start:0
right_bib_airvalve:0
right_bib_airpump_start:0
right_bib_airpump_stop:0
right_bib_airpump_speed:0
right_bib_after_flush_vol:0
instant_type:0
instant_pressure_time:0
instant_percent:0
instant_default_pwm:0
instant_water_flow:0
instant_ingredient_gram_strong:0
instant_ingredient_gram_norm:0
instant_ingredient_gram_mild:0
instant_ingredient_mild_pwm:0
instant_ingredient_norm_pwm:0
instant_ingredient_strong_pwm:0
instant_ingredient_rtd_standard:0
instant_mixer_start_delay:0
instant_mixer_stop_delay:0
instant_mixer_speed:0
instant_after_flush_vol:0
rtd_max:1000
rtd_min:40
left_bib_ratio_max:0
left_bib_ratio_min:0
right_bib_ratio_max:0
right_bib_ratio_min:0
instant_gram_max:0
instant_gram_min:0
left_bib_percent_max:0
left_bib_percent_min:0
RLine:R41:270:210:150:3:8:8:0:2:0:0:0:0.0:0.0:0.0:0:15.0:0:0.0:0:0:0:0:0:0:0:0.0:0.0:0.0:0:0.0:0:0.0:0:0:0:0:0:0:0:0:0:0:0:0.0:0.0:0.0:0.0:0:0:0:0:01000:40:0.0:0.0:0.0:0.0:0.0:0.0:0:0

